2023-08-06 02:27:22.725176 - Initialized conversion of CBT245
2023-08-06 02:27:23.185219 - Received CBT.V505.FILE245.PDS from FILE245.XMI 
2023-08-06 02:27:23.187569 - Found $$$#DATE.txt (text/plain) in CBT.V505.FILE245.PDS, moved to PDS/$$$#DATE
2023-08-06 02:27:23.188543 - Found #INDEX.txt (text/plain) in CBT.V505.FILE245.PDS, moved to PDS/#INDEX
2023-08-06 02:27:23.189575 - Found #README.txt (text/plain) in CBT.V505.FILE245.PDS, moved to PDS/#README
2023-08-06 02:27:23.190627 - Found @FILE245.txt (text/plain) in CBT.V505.FILE245.PDS, moved to PDS/@FILE245
2023-08-06 02:27:23.191567 - Found CHECKGRP.rexx (text/plain) in CBT.V505.FILE245.PDS, moved to PDS/CHECKGRP
2023-08-06 02:27:23.192544 - Found DSMMACS.txt (text/plain) in CBT.V505.FILE245.PDS, moved to PDS/DSMMACS
2023-08-06 02:27:23.193466 - Found FINDGRP.txt (text/plain) in CBT.V505.FILE245.PDS, moved to PDS/FINDGRP
2023-08-06 02:27:23.194365 - Found FINDSYS.txt (text/plain) in CBT.V505.FILE245.PDS, moved to PDS/FINDSYS
2023-08-06 02:27:23.195284 - Found IEFUTL.txt (text/plain) in CBT.V505.FILE245.PDS, moved to PDS/IEFUTL
2023-08-06 02:27:23.196142 - Found ISPDFLTS.txt (text/plain) in CBT.V505.FILE245.PDS, moved to PDS/ISPDFLTS
2023-08-06 02:27:23.197021 - Found ISPXDT.txt (text/plain) in CBT.V505.FILE245.PDS, moved to PDS/ISPXDT
2023-08-06 02:27:23.197918 - Found ISPX16L1.txt (text/plain) in CBT.V505.FILE245.PDS, moved to PDS/ISPX16L1
2023-08-06 02:27:23.198853 - Found NUCHACC.txt (text/plain) in CBT.V505.FILE245.PDS, moved to PDS/NUCHACC
2023-08-06 02:27:23.199737 - Found NUCHGRP.txt (text/plain) in CBT.V505.FILE245.PDS, moved to PDS/NUCHGRP
2023-08-06 02:27:23.200625 - Found NUCVPRF.txt (text/plain) in CBT.V505.FILE245.PDS, moved to PDS/NUCVPRF
2023-08-06 02:27:23.201566 - Found NUDSREN.txt (text/plain) in CBT.V505.FILE245.PDS, moved to PDS/NUDSREN
2023-08-06 02:27:23.202487 - Found NUIGACCT.txt (text/plain) in CBT.V505.FILE245.PDS, moved to PDS/NUIGACCT
2023-08-06 02:27:23.203366 - Found NUTETE.txt (text/plain) in CBT.V505.FILE245.PDS, moved to PDS/NUTETE
2023-08-06 02:27:23.204239 - Found PARMSEX.txt (text/plain) in CBT.V505.FILE245.PDS, moved to PDS/PARMSEX
2023-08-06 02:27:23.205143 - Found PARMSGRP.txt (text/plain) in CBT.V505.FILE245.PDS, moved to PDS/PARMSGRP
2023-08-06 02:27:23.206163 - Found PARMSSYS.txt (text/plain) in CBT.V505.FILE245.PDS, moved to PDS/PARMSSYS
2023-08-06 02:27:23.207099 - Found PARMSUSR.txt (text/plain) in CBT.V505.FILE245.PDS, moved to PDS/PARMSUSR
2023-08-06 02:27:23.208013 - Found RESETACC.txt (text/plain) in CBT.V505.FILE245.PDS, moved to PDS/RESETACC
2023-08-06 02:27:23.208956 - Found ROGD.rexx (text/plain) in CBT.V505.FILE245.PDS, moved to PDS/ROGD
2023-08-06 02:27:23.209873 - Found ROGR.rexx (text/plain) in CBT.V505.FILE245.PDS, moved to PDS/ROGR
2023-08-06 02:27:23.210757 - Found ROGS.rexx (text/plain) in CBT.V505.FILE245.PDS, moved to PDS/ROGS
2023-08-06 02:27:23.211633 - Found ROGT.rexx (text/plain) in CBT.V505.FILE245.PDS, moved to PDS/ROGT
2023-08-06 02:27:23.212494 - Found ROGU.rexx (text/plain) in CBT.V505.FILE245.PDS, moved to PDS/ROGU
2023-08-06 02:27:23.213379 - Found ROGV.rexx (text/plain) in CBT.V505.FILE245.PDS, moved to PDS/ROGV
2023-08-06 02:27:23.214284 - Found SNUCVPRF.txt (text/plain) in CBT.V505.FILE245.PDS, moved to PDS/SNUCVPRF
2023-08-06 02:27:23.215237 - Found SNUDSREN.txt (text/plain) in CBT.V505.FILE245.PDS, moved to PDS/SNUDSREN
2023-08-06 02:27:23.216155 - Found SPU.txt (text/plain) in CBT.V505.FILE245.PDS, moved to PDS/SPU
2023-08-06 02:27:23.217045 - Found SPUM01.txt (text/plain) in CBT.V505.FILE245.PDS, moved to PDS/SPUM01
2023-08-06 02:27:23.218015 - Found STARTUP.rexx (text/plain) in CBT.V505.FILE245.PDS, moved to PDS/STARTUP
2023-08-06 02:27:23.218926 - Found TNUCHACC.txt (text/plain) in CBT.V505.FILE245.PDS, moved to PDS/TNUCHACC
2023-08-06 02:27:23.219770 - Found TNUCHGRP.txt (text/plain) in CBT.V505.FILE245.PDS, moved to PDS/TNUCHGRP
2023-08-06 02:27:23.220637 - Found TNUCVPRF.txt (text/plain) in CBT.V505.FILE245.PDS, moved to PDS/TNUCVPRF
2023-08-06 02:27:23.221523 - Found TNUDSREN.txt (text/plain) in CBT.V505.FILE245.PDS, moved to PDS/TNUDSREN
2023-08-06 02:27:23.222483 - Found TSOA000.txt (text/plain) in CBT.V505.FILE245.PDS, moved to PDS/TSOA000
2023-08-06 02:27:23.223465 - Found TSOA000X.rexx (text/plain) in CBT.V505.FILE245.PDS, moved to PDS/TSOA000X
2023-08-06 02:27:23.224330 - Found TSOA001.txt (text/plain) in CBT.V505.FILE245.PDS, moved to PDS/TSOA001
2023-08-06 02:27:23.225228 - Found TSOA002.txt (text/plain) in CBT.V505.FILE245.PDS, moved to PDS/TSOA002
2023-08-06 02:27:23.226150 - Found TSOA003.txt (text/plain) in CBT.V505.FILE245.PDS, moved to PDS/TSOA003
2023-08-06 02:27:23.227026 - Found TSOA004.txt (text/plain) in CBT.V505.FILE245.PDS, moved to PDS/TSOA004
2023-08-06 02:27:23.227898 - Found TSOA005.txt (text/plain) in CBT.V505.FILE245.PDS, moved to PDS/TSOA005
2023-08-06 02:27:23.228745 - Found TSOA006.txt (text/plain) in CBT.V505.FILE245.PDS, moved to PDS/TSOA006
2023-08-06 02:27:23.229705 - Found TSOA01.txt (text/plain) in CBT.V505.FILE245.PDS, moved to PDS/TSOA01
2023-08-06 02:27:23.230577 - Found TSOA02.txt (text/plain) in CBT.V505.FILE245.PDS, moved to PDS/TSOA02
2023-08-06 02:27:23.231462 - Found TSODFLT.txt (text/plain) in CBT.V505.FILE245.PDS, moved to PDS/TSODFLT
2023-08-06 02:27:23.232355 - Found TSOLOAD1.jcl (text/plain) in CBT.V505.FILE245.PDS, moved to PDS/TSOLOAD1
2023-08-06 02:27:23.233277 - Found TSOLOAD3.jcl (text/plain) in CBT.V505.FILE245.PDS, moved to PDS/TSOLOAD3
2023-08-06 02:27:23.234209 - Found TSOLOAD6.jcl (text/plain) in CBT.V505.FILE245.PDS, moved to PDS/TSOLOAD6
2023-08-06 02:27:23.235076 - Found TSOPARM.txt (text/plain) in CBT.V505.FILE245.PDS, moved to PDS/TSOPARM
2023-08-06 02:27:23.235906 - Found TSOPROC.txt (text/plain) in CBT.V505.FILE245.PDS, moved to PDS/TSOPROC
2023-08-06 02:27:23.236748 - Found TSOTESTA.txt (text/plain) in CBT.V505.FILE245.PDS, moved to PDS/TSOTESTA
2023-08-06 02:27:23.237706 - Found TSOTS.txt (text/plain) in CBT.V505.FILE245.PDS, moved to PDS/TSOTS
2023-08-06 02:27:23.238604 - Found TSPU.txt (text/plain) in CBT.V505.FILE245.PDS, moved to PDS/TSPU
2023-08-06 02:27:23.239554 - Found TTSOA000.txt (text/plain) in CBT.V505.FILE245.PDS, moved to PDS/TTSOA000
2023-08-06 02:27:23.240444 - Found TTSOA001.txt (text/plain) in CBT.V505.FILE245.PDS, moved to PDS/TTSOA001
2023-08-06 02:27:23.241431 - Found TTSOA002.txt (text/plain) in CBT.V505.FILE245.PDS, moved to PDS/TTSOA002
2023-08-06 02:27:23.242362 - Found TTSOA003.txt (text/plain) in CBT.V505.FILE245.PDS, moved to PDS/TTSOA003
2023-08-06 02:27:23.243281 - Found XNUCA1A.rexx (text/plain) in CBT.V505.FILE245.PDS, moved to PDS/XNUCA1A
2023-08-06 02:27:23.244253 - Found XNUCA1B.rexx (text/plain) in CBT.V505.FILE245.PDS, moved to PDS/XNUCA1B
2023-08-06 02:27:23.245211 - Found XNUCHACC.rexx (text/plain) in CBT.V505.FILE245.PDS, moved to PDS/XNUCHACC
2023-08-06 02:27:23.246178 - Found XNUCHGRP.rexx (text/plain) in CBT.V505.FILE245.PDS, moved to PDS/XNUCHGRP
2023-08-06 02:27:23.247100 - Found XNUCVPRF.rexx (text/plain) in CBT.V505.FILE245.PDS, moved to PDS/XNUCVPRF
2023-08-06 02:27:23.248058 - Found XNUCVPR1.rexx (text/plain) in CBT.V505.FILE245.PDS, moved to PDS/XNUCVPR1
2023-08-06 02:27:23.248999 - Found XNUDSREN.rexx (text/plain) in CBT.V505.FILE245.PDS, moved to PDS/XNUDSREN
2023-08-06 02:27:23.249969 - Found XNUDSRN1.rexx (text/plain) in CBT.V505.FILE245.PDS, moved to PDS/XNUDSRN1
2023-08-06 02:27:23.250846 - Found XNURNPRF.rexx (text/plain) in CBT.V505.FILE245.PDS, moved to PDS/XNURNPRF
2023-08-06 02:27:23.251756 - Found XNUTSM53.rexx (text/plain) in CBT.V505.FILE245.PDS, moved to PDS/XNUTSM53
